#
# There is insufficient memory for the Java Runtime Environment to continue.
# Native memory allocation (mmap) failed to map 130023424 bytes for G1 virtual space
# Possible reasons:
#   The system is out of physical RAM or swap space
#   The process is running with CompressedOops enabled, and the Java Heap may be blocking the growth of the native heap
# Possible solutions:
#   Reduce memory load on the system
#   Increase physical memory or swap space
#   Check if swap backing store is full
#   Decrease Java heap size (-Xmx/-Xms)
#   Decrease number of Java threads
#   Decrease Java thread stack sizes (-Xss)
#   Set larger code cache with -XX:ReservedCodeCacheSize=
#   JVM is running with Unscaled Compressed Oops mode in which the Java heap is
#     placed in the first 4GB address space. The Java Heap base address is the
#     maximum limit for the native heap growth. Please use -XX:HeapBaseMinAddress
#     to set the Java Heap base and to place the Java Heap above 4GB virtual address.
# This output file may be truncated or incomplete.
#
#  Out of Memory Error (os_windows.cpp:3528), pid=34968, tid=37668
#
# JRE version:  (20.0.2+9) (build )
# Java VM: Java HotSpot(TM) 64-Bit Server VM (20.0.2+9-78, mixed mode, sharing, tiered, compressed oops, compressed class ptrs, g1 gc, windows-amd64)
# No core dump will be written. Minidumps are not enabled by default on client versions of Windows
#

---------------  S U M M A R Y ------------

Command Line: -Dfile.encoding=UTF-8 --module-path=C:\Users\ky141\Documents\NetBeansProjects\Employee Management System\build\classes employee.management.system.Splash

Host: 12th Gen Intel(R) Core(TM) i3-1215U, 8 cores, 7G,  Windows 11 , 64 bit Build 22000 (10.0.22000.434)
Time: Mon May 13 16:14:31 2024 India Standard Time elapsed time: 0.009969 seconds (0d 0h 0m 0s)

---------------  T H R E A D  ---------------

Current thread (0x0000016daaf5f620):  JavaThread "Unknown thread" [_thread_in_vm, id=37668, stack(0x00000044a4e00000,0x00000044a4f00000)]

Stack: [0x00000044a4e00000,0x00000044a4f00000]
Native frames: (J=compiled Java code, j=interpreted, Vv=VM code, C=native code)
V  [jvm.dll+0x6bc25a]
V  [jvm.dll+0x84971a]
V  [jvm.dll+0x84b315]
V  [jvm.dll+0x84ba13]
V  [jvm.dll+0x280e4f]
V  [jvm.dll+0x6b8fe9]
V  [jvm.dll+0x6adbca]
V  [jvm.dll+0x35b165]
V  [jvm.dll+0x363386]
V  [jvm.dll+0x3b400e]
V  [jvm.dll+0x3b4295]
V  [jvm.dll+0x32b86a]
V  [jvm.dll+0x32c68b]
V  [jvm.dll+0x8123df]
V  [jvm.dll+0x3c1261]
V  [jvm.dll+0x7fe103]
V  [jvm.dll+0x44ccaf]
V  [jvm.dll+0x44e621]
C  [jli.dll+0x5287]
C  [ucrtbase.dll+0x26c0c]
C  [KERNEL32.DLL+0x154e0]
C  [ntdll.dll+0x485b]


---------------  P R O C E S S  ---------------

Threads class SMR info:
_java_thread_list=0x00007ffe448fb118, length=0, elements={
}

Java Threads: ( => current thread )

Other Threads:
  0x0000016daafba520 WorkerThread "GC Thread#0" [stack: 0x00000044a4f00000,0x00000044a5000000] [id=64028]
  0x0000016daafcbc20 ConcurrentGCThread "G1 Main Marker" [stack: 0x00000044a5000000,0x00000044a5100000] [id=56540]
  0x0000016daafcc650 WorkerThread "G1 Conc#0" [stack: 0x00000044a5100000,0x00000044a5200000] [id=12752]

[error occurred during error reporting (printing all threads), id 0xc0000005, EXCEPTION_ACCESS_VIOLATION (0xc0000005) at pc=0x00007ffe440deea7]
VM state: not at safepoint (not fully initialized)

VM Mutex/Monitor currently owned by a thread:  ([mutex/lock_event])
[0x0000016daaf5a320] Heap_lock - owner thread: 0x0000016daaf5f620

Heap address: 0x0000000084e00000, size: 1970 MB, Compressed Oops mode: 32-bit

CDS archive(s) mapped at: [0x0000000000000000-0x0000000000000000-0x0000000000000000), size 0, SharedBaseAddress: 0x0000000800000000, ArchiveRelocationMode: 1.
Narrow klass base: 0x0000000000000000, Narrow klass shift: 0, Narrow klass range: 0x0

GC Precious Log:
 CardTable entry size: 512
 Card Set container configuration: InlinePtr #cards 5 size 8 Array Of Cards #cards 12 size 40 Howl #buckets 4 coarsen threshold 1843 Howl Bitmap #cards 512 size 80 coarsen threshold 460 Card regions per heap region 1 cards per card region 2048

Heap:
 garbage-first heap   total 0K, used 0K [0x0000000084e00000, 0x0000000100000000)
  region size 1024K, 0 young (0K), 0 survivors (0K)

[error occurred during error reporting (printing heap information), id 0xc0000005, EXCEPTION_ACCESS_VIOLATION (0xc0000005) at pc=0x00007ffe444b47b9]
GC Heap History (0 events):
No events

Dll operation events (1 events):
Event: 0.006 Loaded shared library C:\Program Files\Java\jdk-20\bin\java.dll

Deoptimization events (0 events):
No events

Classes loaded (0 events):
No events

Classes unloaded (0 events):
No events

Classes redefined (0 events):
No events

Internal exceptions (0 events):
No events

VM Operations (0 events):
No events

Events (0 events):
No events


Dynamic libraries:
0x00007ff735310000 - 0x00007ff735320000 	C:\Program Files\Java\jdk-20\bin\java.exe
0x00007ffeb3a00000 - 0x00007ffeb3c09000 	C:\Windows\SYSTEM32\ntdll.dll
0x00007ffeb2b90000 - 0x00007ffeb2c4d000 	C:\Windows\System32\KERNEL32.DLL
0x00007ffeb0f90000 - 0x00007ffeb1304000 	C:\Windows\System32\KERNELBASE.dll
0x00007ffeadf80000 - 0x00007ffeae011000 	C:\Windows\SYSTEM32\apphelp.dll
0x00007ffeb1430000 - 0x00007ffeb1541000 	C:\Windows\System32\ucrtbase.dll
0x00007ffea34c0000 - 0x00007ffea34db000 	C:\Program Files\Java\jdk-20\bin\VCRUNTIME140.dll
0x00007ffea3140000 - 0x00007ffea3159000 	C:\Program Files\Java\jdk-20\bin\jli.dll
0x00007ffeb3820000 - 0x00007ffeb38ce000 	C:\Windows\System32\ADVAPI32.dll
0x00007ffeb18a0000 - 0x00007ffeb1943000 	C:\Windows\System32\msvcrt.dll
0x00007ffeb2680000 - 0x00007ffeb271e000 	C:\Windows\System32\sechost.dll
0x00007ffeb3370000 - 0x00007ffeb3490000 	C:\Windows\System32\RPCRT4.dll
0x00007ffeb34d0000 - 0x00007ffeb367c000 	C:\Windows\System32\USER32.dll
0x00007ffeb1550000 - 0x00007ffeb1576000 	C:\Windows\System32\win32u.dll
0x00007ffe9cae0000 - 0x00007ffe9cd85000 	C:\Windows\WinSxS\amd64_microsoft.windows.common-controls_6595b64144ccf1df_6.0.22000.120_none_9d947278b86cc467\COMCTL32.dll
0x00007ffeb34a0000 - 0x00007ffeb34c9000 	C:\Windows\System32\GDI32.dll
0x00007ffeb1310000 - 0x00007ffeb1422000 	C:\Windows\System32\gdi32full.dll
0x00007ffeb0ef0000 - 0x00007ffeb0f8d000 	C:\Windows\System32\msvcp_win.dll
0x00007ffe97b20000 - 0x00007ffe97b2a000 	C:\Windows\SYSTEM32\VERSION.dll
0x00007ffeb2b50000 - 0x00007ffeb2b81000 	C:\Windows\System32\IMM32.DLL
0x00007ffea7370000 - 0x00007ffea737c000 	C:\Program Files\Java\jdk-20\bin\vcruntime140_1.dll
0x00007ffe4e4c0000 - 0x00007ffe4e54e000 	C:\Program Files\Java\jdk-20\bin\msvcp140.dll
0x00007ffe43da0000 - 0x00007ffe44a38000 	C:\Program Files\Java\jdk-20\bin\server\jvm.dll
0x00007ffea8280000 - 0x00007ffea82b3000 	C:\Windows\SYSTEM32\WINMM.dll
0x00007ffe99180000 - 0x00007ffe99189000 	C:\Windows\SYSTEM32\WSOCK32.dll
0x00007ffeb2cd0000 - 0x00007ffeb2d3f000 	C:\Windows\System32\WS2_32.dll
0x00007ffeaffd0000 - 0x00007ffeaffe8000 	C:\Windows\SYSTEM32\kernel.appcore.dll
0x00007ffea7160000 - 0x00007ffea716a000 	C:\Program Files\Java\jdk-20\bin\jimage.dll
0x00007ffeae950000 - 0x00007ffeaeb71000 	C:\Windows\SYSTEM32\DBGHELP.DLL
0x00007ffe94bb0000 - 0x00007ffe94be1000 	C:\Windows\SYSTEM32\dbgcore.DLL
0x00007ffeb1640000 - 0x00007ffeb16bf000 	C:\Windows\System32\bcryptPrimitives.dll
0x00007ffe9b7c0000 - 0x00007ffe9b7e6000 	C:\Program Files\Java\jdk-20\bin\java.dll

dbghelp: loaded successfully - version: 4.0.5 - missing functions: none
symbol engine: initialized successfully - sym options: 0x614 - pdb path: .;C:\Program Files\Java\jdk-20\bin;C:\Windows\SYSTEM32;C:\Windows\WinSxS\amd64_microsoft.windows.common-controls_6595b64144ccf1df_6.0.22000.120_none_9d947278b86cc467;C:\Program Files\Java\jdk-20\bin\server

VM Arguments:
jvm_args: -Dfile.encoding=UTF-8 --module-path=C:\Users\ky141\Documents\NetBeansProjects\Employee Management System\build\classes 
java_command: employee.management.system.Splash
java_class_path (initial): C:\Users\ky141\Downloads\mysql-connector-java-8.0.28.jar;C:\Users\ky141\Downloads\jcalendar-tz-1.3.3-4.jar;C:\Users\ky141\Downloads\rs2xml.jar;C:\Users\ky141\Documents\NetBeansProjects\Employee Management System\build\classes
Launcher Type: SUN_STANDARD

[Global flags]
     intx CICompilerCount                          = 4                                         {product} {ergonomic}
     uint ConcGCThreads                            = 2                                         {product} {ergonomic}
     uint G1ConcRefinementThreads                  = 8                                         {product} {ergonomic}
   size_t G1HeapRegionSize                         = 1048576                                   {product} {ergonomic}
    uintx GCDrainStackTargetSize                   = 64                                        {product} {ergonomic}
   size_t InitialHeapSize                          = 130023424                                 {product} {ergonomic}
   size_t MarkStackSize                            = 4194304                                   {product} {ergonomic}
   size_t MaxHeapSize                              = 2065694720                                {product} {ergonomic}
   size_t MinHeapDeltaBytes                        = 1048576                                   {product} {ergonomic}
   size_t MinHeapSize                              = 8388608                                   {product} {ergonomic}
    uintx NonNMethodCodeHeapSize                   = 5839372                                {pd product} {ergonomic}
    uintx NonProfiledCodeHeapSize                  = 122909434                              {pd product} {ergonomic}
    uintx ProfiledCodeHeapSize                     = 122909434                              {pd product} {ergonomic}
    uintx ReservedCodeCacheSize                    = 251658240                              {pd product} {ergonomic}
     bool SegmentedCodeCache                       = true                                      {product} {ergonomic}
   size_t SoftMaxHeapSize                          = 2065694720                             {manageable} {ergonomic}
     bool UseCompressedClassPointers               = true                           {product lp64_product} {ergonomic}
     bool UseCompressedOops                        = true                           {product lp64_product} {ergonomic}
     bool UseG1GC                                  = true                                      {product} {ergonomic}
     bool UseLargePagesIndividualAllocation        = false                                  {pd product} {ergonomic}

Logging:
Log output configuration:
 #0: stdout all=warning uptime,level,tags foldmultilines=false
 #1: stderr all=off uptime,level,tags foldmultilines=false

Environment Variables:
PATH=C:\Program Files\Common Files\Oracle\Java\javapath;C:\Program Files\Python38\Scripts\;C:\Program Files\Python38\;C:\Windows\system32;C:\Windows;C:\Windows\System32\Wbem;C:\Windows\System32\WindowsPowerShell\v1.0\;C:\Windows\System32\OpenSSH\;C:\Program Files\dotnet\;C:\Program Files\Microsoft SQL Server\150\Tools\Binn\;C:\MinGW;C:\MinGW\bin;C:\Program Files\Java\jdk-20\bin;C:\Program Files\nodejs\;C:\Program Files\Git\cmd;C:\Program Files\MySQL\MySQL Shell 8.0\bin\;C:\Users\ky141\AppData\Local\Programs\Python\Launcher\;C:\Users\ky141\AppData\Local\Microsoft\WindowsApps;C:\MinGW\bin;C:\Users\ky141\AppData\Roaming\npm;C:\Users\ky141\AppData\Local\Programs\Microsoft VS Code\bin
USERNAME=ky141
OS=Windows_NT
PROCESSOR_IDENTIFIER=Intel64 Family 6 Model 154 Stepping 4, GenuineIntel
TMP=C:\Users\ky141\AppData\Local\Temp
TEMP=C:\Users\ky141\AppData\Local\Temp




---------------  S Y S T E M  ---------------

OS:
 Windows 11 , 64 bit Build 22000 (10.0.22000.434)
OS uptime: 8 days 10:03 hours
Hyper-V role detected

CPU: total 8 (initial active 8) (4 cores per cpu, 2 threads per core) family 6 model 154 stepping 4 microcode 0x41b, cx8, cmov, fxsr, ht, mmx, 3dnowpref, sse, sse2, sse3, ssse3, sse4.1, sse4.2, popcnt, lzcnt, tsc, tscinvbit, avx, avx2, aes, erms, clmul, bmi1, bmi2, adx, sha, fma, vzeroupper, clflush, clflushopt, clwb, hv, serialize, rdtscp, rdpid, fsrm, f16c, cet_ibt, cet_ss

Memory: 4k page, system-wide physical 7876M (298M free)
TotalPageFile size 32431M (AvailPageFile size 55M)
current process WorkingSet (physical memory assigned to process): 11M, peak: 11M
current process commit charge ("private bytes"): 60M, peak: 184M

vm_info: Java HotSpot(TM) 64-Bit Server VM (20.0.2+9-78) for windows-amd64 JRE (20.0.2+9-78), built on 2023-06-14T10:08:48Z by "mach5one" with MS VC++ 17.1 (VS2022)

END.
